  my_interaction_functions.cpp
  labwork1.cpp
C:\Users\Renedito\Documents\STR\labwork1\labwork1.cpp(88,13): warning C4091: '': ignored on left of 'tskTaskControlBlock *' when no variable is declared
C:\Users\Renedito\Documents\STR\labwork1\labwork1.cpp(89,13): warning C4091: '': ignored on left of 'tskTaskControlBlock *' when no variable is declared
C:\Users\Renedito\Documents\STR\labwork1\labwork1.cpp(90,13): warning C4091: '': ignored on left of 'tskTaskControlBlock *' when no variable is declared
C:\Users\Renedito\Documents\STR\labwork1\labwork1.cpp(91,13): warning C4091: '': ignored on left of 'tskTaskControlBlock *' when no variable is declared
C:\Users\Renedito\Documents\STR\labwork1\labwork1.cpp(92,13): warning C4091: '': ignored on left of 'tskTaskControlBlock *' when no variable is declared
C:\Users\Renedito\Documents\STR\labwork1\labwork1.cpp(93,13): warning C4091: '': ignored on left of 'tskTaskControlBlock *' when no variable is declared
C:\Users\Renedito\Documents\STR\labwork1\labwork1.cpp(115,3): warning C4002: too many arguments for function-like macro invocation 'xSemaphoreGive'
C:\Users\Renedito\Documents\STR\labwork1\labwork1.cpp(124,3): warning C4002: too many arguments for function-like macro invocation 'xSemaphoreGive'
C:\Users\Renedito\Documents\STR\labwork1\labwork1.cpp(131,2): warning C4002: too many arguments for function-like macro invocation 'xSemaphoreGive'
  Generating Code...
  interface.c
C:\Users\Renedito\Documents\STR\source\interface.c(300,1): warning C4142: 'closeChannels': benign redefinition of type
C:\Users\Renedito\Documents\str\include\interface.h(10,6): message : see declaration of 'closeChannels'
  mongoose.c
  sim_server.c
  Generating Code...
LINK : warning LNK4098: defaultlib 'LIBCMTD' conflicts with use of other libs; use /NODEFAULTLIB:library
freeRTOS.lib(croutine.obj) : warning LNK4099: PDB '' was not found with 'freeRTOS.lib(croutine.obj)' or at ''; linking object as if no debug info
freeRTOS.lib(heap_5.obj) : warning LNK4099: PDB '' was not found with 'freeRTOS.lib(heap_5.obj)' or at ''; linking object as if no debug info
freeRTOS.lib(timers.obj) : warning LNK4099: PDB '' was not found with 'freeRTOS.lib(timers.obj)' or at ''; linking object as if no debug info
freeRTOS.lib(main.obj) : warning LNK4099: PDB '' was not found with 'freeRTOS.lib(main.obj)' or at ''; linking object as if no debug info
freeRTOS.lib(list.obj) : warning LNK4099: PDB '' was not found with 'freeRTOS.lib(list.obj)' or at ''; linking object as if no debug info
freeRTOS.lib(port.obj) : warning LNK4099: PDB '' was not found with 'freeRTOS.lib(port.obj)' or at ''; linking object as if no debug info
freeRTOS.lib(queue.obj) : warning LNK4099: PDB '' was not found with 'freeRTOS.lib(queue.obj)' or at ''; linking object as if no debug info
freeRTOS.lib(tasks.obj) : warning LNK4099: PDB '' was not found with 'freeRTOS.lib(tasks.obj)' or at ''; linking object as if no debug info
freeRTOS.lib(main_blinky.obj) : warning LNK4099: PDB '' was not found with 'freeRTOS.lib(main_blinky.obj)' or at ''; linking object as if no debug info
freeRTOS.lib(Run-time-stats-utils.obj) : warning LNK4099: PDB '' was not found with 'freeRTOS.lib(Run-time-stats-utils.obj)' or at ''; linking object as if no debug info
  labwork1.vcxproj -> C:\Users\Renedito\Documents\str\labwork1\Debug\labwork1.exe
